B:\USERS\TOMASZ\DOCUMENTS\VISUAL STUDIO 2012\PROJECTS\2DENGINE\TOMASZROCZNIAK2DENGINE\DEBUG\APPLICATION.OBJ
B:\USERS\TOMASZ\DOCUMENTS\VISUAL STUDIO 2012\PROJECTS\2DENGINE\TOMASZROCZNIAK2DENGINE\DEBUG\CFONT.OBJ
B:\USERS\TOMASZ\DOCUMENTS\VISUAL STUDIO 2012\PROJECTS\2DENGINE\TOMASZROCZNIAK2DENGINE\DEBUG\CFONTMANAGER.OBJ
B:\USERS\TOMASZ\DOCUMENTS\VISUAL STUDIO 2012\PROJECTS\2DENGINE\TOMASZROCZNIAK2DENGINE\DEBUG\CSPRITEBATCH.OBJ
B:\USERS\TOMASZ\DOCUMENTS\VISUAL STUDIO 2012\PROJECTS\2DENGINE\TOMASZROCZNIAK2DENGINE\DEBUG\CTEXTURE.OBJ
B:\USERS\TOMASZ\DOCUMENTS\VISUAL STUDIO 2012\PROJECTS\2DENGINE\TOMASZROCZNIAK2DENGINE\DEBUG\FRAMEWORK.OBJ
B:\USERS\TOMASZ\DOCUMENTS\VISUAL STUDIO 2012\PROJECTS\2DENGINE\TOMASZROCZNIAK2DENGINE\DEBUG\TINYXML2.OBJ
B:\USERS\TOMASZ\DOCUMENTS\VISUAL STUDIO 2012\PROJECTS\2DENGINE\TOMASZROCZNIAK2DENGINE\DEBUG\VC110.PDB
B:\USERS\TOMASZ\DOCUMENTS\VISUAL STUDIO 2012\PROJECTS\2DENGINE\TOMASZROCZNIAK2DENGINE\BIN\TOMASZROCZNIAK2DENGINE_D.ILK
B:\USERS\TOMASZ\DOCUMENTS\VISUAL STUDIO 2012\PROJECTS\2DENGINE\TOMASZROCZNIAK2DENGINE\BIN\TOMASZROCZNIAK2DENGINE_D.DLL
B:\USERS\TOMASZ\DOCUMENTS\VISUAL STUDIO 2012\PROJECTS\2DENGINE\TOMASZROCZNIAK2DENGINE\BIN\TOMASZROCZNIAK2DENGINE_D.PDB
B:\Users\tomasz\Documents\Visual Studio 2012\Projects\2DEngine\TomaszRoczniak2DEngine\bin\TomaszRoczniak2DEngine_d.lib
B:\Users\tomasz\Documents\Visual Studio 2012\Projects\2DEngine\TomaszRoczniak2DEngine\bin\TomaszRoczniak2DEngine_d.exp
B:\Users\tomasz\Documents\Visual Studio 2012\Projects\2DEngine\TomaszRoczniak2DEngine\Debug\Application.obj
B:\Users\tomasz\Documents\Visual Studio 2012\Projects\2DEngine\TomaszRoczniak2DEngine\Debug\CFont.obj
B:\Users\tomasz\Documents\Visual Studio 2012\Projects\2DEngine\TomaszRoczniak2DEngine\Debug\CFontManager.obj
B:\Users\tomasz\Documents\Visual Studio 2012\Projects\2DEngine\TomaszRoczniak2DEngine\Debug\CSpritebatch.obj
B:\Users\tomasz\Documents\Visual Studio 2012\Projects\2DEngine\TomaszRoczniak2DEngine\Debug\CTexture.obj
B:\Users\tomasz\Documents\Visual Studio 2012\Projects\2DEngine\TomaszRoczniak2DEngine\Debug\Framework.obj
B:\Users\tomasz\Documents\Visual Studio 2012\Projects\2DEngine\TomaszRoczniak2DEngine\Debug\tinyxml2.obj
B:\Users\tomasz\Documents\Visual Studio 2012\Projects\2DEngine\TomaszRoczniak2DEngine\Debug\cl.command.1.tlog
B:\Users\tomasz\Documents\Visual Studio 2012\Projects\2DEngine\TomaszRoczniak2DEngine\Debug\CL.read.1.tlog
B:\Users\tomasz\Documents\Visual Studio 2012\Projects\2DEngine\TomaszRoczniak2DEngine\Debug\CL.write.1.tlog
B:\Users\tomasz\Documents\Visual Studio 2012\Projects\2DEngine\TomaszRoczniak2DEngine\Debug\link-cvtres.read.1.tlog
B:\Users\tomasz\Documents\Visual Studio 2012\Projects\2DEngine\TomaszRoczniak2DEngine\Debug\link-cvtres.write.1.tlog
B:\Users\tomasz\Documents\Visual Studio 2012\Projects\2DEngine\TomaszRoczniak2DEngine\Debug\link-rc.read.1.tlog
B:\Users\tomasz\Documents\Visual Studio 2012\Projects\2DEngine\TomaszRoczniak2DEngine\Debug\link-rc.write.1.tlog
B:\Users\tomasz\Documents\Visual Studio 2012\Projects\2DEngine\TomaszRoczniak2DEngine\Debug\link.command.1.tlog
B:\Users\tomasz\Documents\Visual Studio 2012\Projects\2DEngine\TomaszRoczniak2DEngine\Debug\link.read.1.tlog
B:\Users\tomasz\Documents\Visual Studio 2012\Projects\2DEngine\TomaszRoczniak2DEngine\Debug\link.write.1.tlog
B:\Users\tomasz\Documents\Visual Studio 2012\Projects\2DEngine\TomaszRoczniak2DEngine\Debug\TomaszRoczniak2DEngine.write.1.tlog
B:\Users\tomasz\Documents\Visual Studio 2012\Projects\2DEngine\TomaszRoczniak2DEngine\Debug\vc110.idb
B:\Users\tomasz\Documents\Visual Studio 2012\Projects\2DEngine\TomaszRoczniak2DEngine\Debug\vc110.pdb
B:\Users\tomasz\Documents\Visual Studio 2012\Projects\2DEngine\TomaszRoczniak2DEngine\bin\TomaszRoczniak2DEngine_d.pdb
B:\Users\tomasz\Documents\Visual Studio 2012\Projects\2DEngine\TomaszRoczniak2DEngine\bin\TomaszRoczniak2DEngine_d.dll
B:\Users\tomasz\Documents\Visual Studio 2012\Projects\2DEngine\TomaszRoczniak2DEngine\bin\TomaszRoczniak2DEngine_d.ilk
