Build started 05-Nov-14 10:36:12 PM.
     1>Project "B:\Users\tomasz\documents\visual studio 2012\Projects\2DEngine\TomaszRoczniak2DEngine\TomaszRoczniak2DEngine.vcxproj" on node 2 (Rebuild target(s)).
     1>ClCompile:
         B:\Program Files (x86)\Microsoft Visual Studio 11.0\VC\bin\CL.exe /c /I.\Libs\x86\glew\include /I.\Libs\x86\glfw\include /I.\inc\ /I.\bin\include\ /I.\Libs\soil\src /ZI /nologo /W3 /WX- /sdl /Od /Oy- /D WIN32 /D _DEBUG /D _WINDOWS /D _USRDLL /D TOMASZROCZNIAK2DENGINE_EXPORTS /D GLEW_STATIC /D _WINDLL /D _UNICODE /D UNICODE /Gm /EHsc /RTC1 /MDd /GS /fp:precise /Zc:wchar_t /Zc:forScope /Fo"Debug\\" /Fd"Debug\vc110.pdb" /Gd /TP /analyze- /errorReport:prompt src\Application.cpp src\CSpritebatch.cpp src\CTexture.cpp src\Framework.cpp
         Framework.cpp
         CTexture.cpp
     1>b:\users\tomasz\documents\visual studio 2012\projects\2dengine\tomaszroczniak2dengine\inc\ctexture.h(37): warning C4251: 'CTexture::m_textureMap' : class 'stdext::hash_map<_Kty,_Ty>' needs to have dll-interface to be used by clients of class 'CTexture'
                 with
                 [
                     _Kty=const char *,
                     _Ty=unsigned int
                 ]
         CSpritebatch.cpp
         Application.cpp
     1>b:\users\tomasz\documents\visual studio 2012\projects\2dengine\tomaszroczniak2dengine\inc\ctexture.h(37): warning C4251: 'CTexture::m_textureMap' : class 'stdext::hash_map<_Kty,_Ty>' needs to have dll-interface to be used by clients of class 'CTexture'
                 with
                 [
                     _Kty=const char *,
                     _Ty=unsigned int
                 ]
     1>b:\users\tomasz\documents\visual studio 2012\projects\2dengine\tomaszroczniak2dengine\src\application.cpp(119): warning C4800: 'int' : forcing value to bool 'true' or 'false' (performance warning)
     1>b:\users\tomasz\documents\visual studio 2012\projects\2dengine\tomaszroczniak2dengine\src\application.cpp(133): warning C4244: '=' : conversion from 'double' to 'float', possible loss of data
     1>b:\users\tomasz\documents\visual studio 2012\projects\2dengine\tomaszroczniak2dengine\src\application.cpp(134): warning C4244: '=' : conversion from 'double' to 'float', possible loss of data
     1>b:\users\tomasz\documents\visual studio 2012\projects\2dengine\tomaszroczniak2dengine\src\application.cpp(135): warning C4244: '=' : conversion from 'double' to 'float', possible loss of data
         Generating Code...
       Link:
         B:\Program Files (x86)\Microsoft Visual Studio 11.0\VC\bin\link.exe /ERRORREPORT:PROMPT /OUT:"B:\Users\tomasz\documents\visual studio 2012\Projects\2DEngine\TomaszRoczniak2DEngine\bin\TomaszRoczniak2DEngine_d.dll" /INCREMENTAL /NOLOGO /LIBPATH:.\Libs\x86\glew\lib /LIBPATH:".\Libs\x86\glfw\lib-msvc100" /LIBPATH:.\Libs /LIBPATH:.\Debug /LIBPATH:.\Libs\soil\lib\vs2012 OpenGL32.lib glfw.lib glew32s.lib glu32.lib SOIL_d.lib kernel32.lib user32.lib gdi32.lib winspool.lib comdlg32.lib advapi32.lib shell32.lib ole32.lib oleaut32.lib uuid.lib odbc32.lib odbccp32.lib /MANIFEST /MANIFESTUAC:"level='asInvoker' uiAccess='false'" /manifest:embed /DEBUG /PDB:"B:\Users\tomasz\documents\visual studio 2012\Projects\2DEngine\TomaszRoczniak2DEngine\bin\TomaszRoczniak2DEngine_d.pdb" /SUBSYSTEM:WINDOWS /TLBID:1 /DYNAMICBASE /NXCOMPAT /IMPLIB:"B:\Users\tomasz\documents\visual studio 2012\Projects\2DEngine\TomaszRoczniak2DEngine\bin\TomaszRoczniak2DEngine_d.lib" /MACHINE:X86 /DLL Debug\Application.obj
         Debug\CSpritebatch.obj
         Debug\CTexture.obj
         Debug\Framework.obj
            Creating library B:\Users\tomasz\documents\visual studio 2012\Projects\2DEngine\TomaszRoczniak2DEngine\bin\TomaszRoczniak2DEngine_d.lib and object B:\Users\tomasz\documents\visual studio 2012\Projects\2DEngine\TomaszRoczniak2DEngine\bin\TomaszRoczniak2DEngine_d.exp
     1>LINK : warning LNK4098: defaultlib 'MSVCRT' conflicts with use of other libs; use /NODEFAULTLIB:library
     1>LINK : warning LNK4098: defaultlib 'LIBCMT' conflicts with use of other libs; use /NODEFAULTLIB:library
     1>glew32s.lib(glew.obj) : warning LNK4099: PDB 'vc100.pdb' was not found with 'glew32s.lib(glew.obj)' or at 'B:\Users\tomasz\documents\visual studio 2012\Projects\2DEngine\TomaszRoczniak2DEngine\bin\vc100.pdb'; linking object as if no debug info
     1>SOIL_d.lib(image_DXT.obj) : warning LNK4099: PDB 'vc110.pdb' was not found with 'SOIL_d.lib(image_DXT.obj)' or at 'B:\Users\tomasz\documents\visual studio 2012\Projects\2DEngine\TomaszRoczniak2DEngine\bin\vc110.pdb'; linking object as if no debug info
     1>SOIL_d.lib(image_helper.obj) : warning LNK4099: PDB 'vc110.pdb' was not found with 'SOIL_d.lib(image_helper.obj)' or at 'B:\Users\tomasz\documents\visual studio 2012\Projects\2DEngine\TomaszRoczniak2DEngine\bin\vc110.pdb'; linking object as if no debug info
     1>SOIL_d.lib(SOIL.obj) : warning LNK4099: PDB 'vc110.pdb' was not found with 'SOIL_d.lib(SOIL.obj)' or at 'B:\Users\tomasz\documents\visual studio 2012\Projects\2DEngine\TomaszRoczniak2DEngine\bin\vc110.pdb'; linking object as if no debug info
     1>SOIL_d.lib(stb_image_aug.obj) : warning LNK4099: PDB 'vc110.pdb' was not found with 'SOIL_d.lib(stb_image_aug.obj)' or at 'B:\Users\tomasz\documents\visual studio 2012\Projects\2DEngine\TomaszRoczniak2DEngine\bin\vc110.pdb'; linking object as if no debug info
         TomaszRoczniak2DEngine.vcxproj -> B:\Users\tomasz\documents\visual studio 2012\Projects\2DEngine\TomaszRoczniak2DEngine\bin\TomaszRoczniak2DEngine_d.dll
     1>Done Building Project "B:\Users\tomasz\documents\visual studio 2012\Projects\2DEngine\TomaszRoczniak2DEngine\TomaszRoczniak2DEngine.vcxproj" (Rebuild target(s)).

Build succeeded.

Time Elapsed 00:00:02.94
